<?xml version="1.0" encoding="UTF-8"?>
<!-- Generated by org.testng.reporters.JUnitXMLReporter -->
<testsuite ignored="0" hostname="Pawan" failures="0" tests="5" name="Test" time="13.711" errors="0" timestamp="2024-02-22T11:13:31 GMT">
  <testcase classname="common.LaunchLenskart_Test" name="lenskart" time="5.404"/>
  <testcase classname="common.LaunchDemo_Test" name="demo" time="1.685"/>
  <testcase classname="common.LaunchDisney_Test" name="disney" time="1.329"/>
  <testcase classname="common.LaunchAmazon_Test" name="amazon" time="1.177"/>
  <testcase classname="common.LaunchBoat_Test" name="boat" time="4.111"/>
</testsuite> <!-- Test -->
