<?xml version="1.0" encoding="UTF-8"?>
<testng-results ignored="0" total="1" passed="1" failed="0" skipped="0">
  <reporter-output>
  </reporter-output>
  <suite started-at="2024-02-20T10:31:07 GMT" name="Default suite" finished-at="2024-02-20T10:31:09 GMT" duration-ms="2826">
    <groups>
    </groups>
    <test started-at="2024-02-20T10:31:07 GMT" name="Default test" finished-at="2024-02-20T10:31:09 GMT" duration-ms="2826">
      <class name="common.LaunchDemo">
        <test-method signature="demo()[pri:0, instance:common.LaunchDemo@64cd705f]" started-at="2024-02-20T10:31:07 GMT" name="demo" finished-at="2024-02-20T10:31:09 GMT" duration-ms="2795" status="PASS">
          <reporter-output>
          </reporter-output>
        </test-method> <!-- demo -->
      </class> <!-- common.LaunchDemo -->
    </test> <!-- Default test -->
  </suite> <!-- Default suite -->
</testng-results>
