<?xml version="1.0" encoding="UTF-8"?>
<!-- Generated by org.testng.reporters.JUnitXMLReporter -->
<testsuite ignored="0" hostname="Pawan" failures="0" tests="5" name="Test" time="11.573" errors="0" timestamp="2024-02-22T11:27:23 GMT">
  <testcase classname="food.LaunchFoodMarket_Test" name="foodMarket" time="3.631"/>
  <testcase classname="food.LaunchSwiggy_Test" name="swiggy" time="2.78"/>
  <testcase classname="food.LaunchMuscleFood_Test" name="muscleFood" time="2.061"/>
  <testcase classname="food.LaunchSeriousEats_Test" name="seriousEats" time="1.283"/>
  <testcase classname="food.LaunchDominos_Test" name="dominos" time="1.79"/>
</testsuite> <!-- Test -->
