<?xml version="1.0" encoding="UTF-8"?>
<testng-results ignored="0" total="1" passed="1" failed="0" skipped="0">
  <reporter-output>
  </reporter-output>
  <suite started-at="2024-02-16T11:20:51 GMT" name="Default suite" finished-at="2024-02-16T11:21:05 GMT" duration-ms="13798">
    <groups>
    </groups>
    <test started-at="2024-02-16T11:20:51 GMT" name="Default test" finished-at="2024-02-16T11:21:05 GMT" duration-ms="13798">
      <class name="genericLibrary.TestScript_01">
        <test-method is-config="true" signature="launch()[pri:0, instance:genericLibrary.TestScript_01@7714e963]" started-at="2024-02-16T11:20:51 GMT" name="launch" finished-at="2024-02-16T11:20:55 GMT" duration-ms="3947" status="PASS">
          <reporter-output>
          </reporter-output>
        </test-method> <!-- launch -->
        <test-method is-config="true" signature="login()[pri:0, instance:genericLibrary.TestScript_01@7714e963]" started-at="2024-02-16T11:20:55 GMT" name="login" finished-at="2024-02-16T11:20:58 GMT" duration-ms="2752" status="PASS">
          <reporter-output>
          </reporter-output>
        </test-method> <!-- login -->
        <test-method signature="demo()[pri:0, instance:genericLibrary.TestScript_01@7714e963]" started-at="2024-02-16T11:20:58 GMT" name="demo" finished-at="2024-02-16T11:21:02 GMT" duration-ms="4370" status="PASS">
          <reporter-output>
          </reporter-output>
        </test-method> <!-- demo -->
        <test-method is-config="true" signature="logout()[pri:0, instance:genericLibrary.TestScript_01@7714e963]" started-at="2024-02-16T11:21:02 GMT" name="logout" finished-at="2024-02-16T11:21:05 GMT" duration-ms="2564" status="PASS">
          <reporter-output>
          </reporter-output>
        </test-method> <!-- logout -->
        <test-method is-config="true" signature="close()[pri:0, instance:genericLibrary.TestScript_01@7714e963]" started-at="2024-02-16T11:21:05 GMT" name="close" finished-at="2024-02-16T11:21:05 GMT" duration-ms="140" status="PASS">
          <reporter-output>
          </reporter-output>
        </test-method> <!-- close -->
      </class> <!-- genericLibrary.TestScript_01 -->
    </test> <!-- Default test -->
  </suite> <!-- Default suite -->
</testng-results>
