<?xml version="1.0" encoding="UTF-8"?>
<!-- Generated by org.testng.reporters.JUnitXMLReporter -->
<testsuite ignored="2" hostname="Pawan" failures="0" tests="3" name="Test" time="12.644" errors="0" timestamp="2024-02-09T19:14:34 GMT">
  <testcase classname="demoAppBatchExecution.LaunchDemo3" name="demo3" time="5.252"/>
  <testcase classname="demoAppBatchExecution.LaunchDemo5" name="demo5" time="3.619"/>
  <testcase classname="demoAppBatchExecution.LaunchDemo1" name="demo1" time="3.737"/>
  <testcase classname="demoAppBatchExecution.LaunchDemo4" name="demo4" time="0.0">
    <ignored/>
  </testcase> <!-- demo4 -->
  <testcase classname="demoAppBatchExecution.LaunchDemo2" name="demo2" time="0.0">
    <ignored/>
  </testcase> <!-- demo2 -->
</testsuite> <!-- Test -->
